#
# There is insufficient memory for the Java Runtime Environment to continue.
# Native memory allocation (malloc) failed to allocate 434896 bytes for Chunk::new
# Possible reasons:
#   The system is out of physical RAM or swap space
#   In 32 bit mode, the process size limit was hit
# Possible solutions:
#   Reduce memory load on the system
#   Increase physical memory or swap space
#   Check if swap backing store is full
#   Use 64 bit Java on a 64 bit OS
#   Decrease Java heap size (-Xmx/-Xms)
#   Decrease number of Java threads
#   Decrease Java thread stack sizes (-Xss)
#   Set larger code cache with -XX:ReservedCodeCacheSize=
# This output file may be truncated or incomplete.
#
#  Out of Memory Error (allocation.cpp:390), pid=15080, tid=0x0000000000000cc0
#
# JRE version: Java(TM) SE Runtime Environment (8.0_111-b14) (build 1.8.0_111-b14)
# Java VM: Java HotSpot(TM) 64-Bit Server VM (25.111-b14 mixed mode windows-amd64 compressed oops)
# Failed to write core dump. Minidumps are not enabled by default on client versions of Windows
#

---------------  T H R E A D  ---------------

Current thread (0x000000001ced4800):  JavaThread "C2 CompilerThread2" daemon [_thread_in_native, id=3264, stack(0x000000001d890000,0x000000001d990000)]

Stack: [0x000000001d890000,0x000000001d990000]
[error occurred during error reporting (printing stack bounds), id 0xc0000005]

Native frames: (J=compiled Java code, j=interpreted, Vv=VM code, C=native code)


Current CompileTask:
C2:  14182 5272   !   4       com.sun.beans.TypeResolver::resolve (274 bytes)


---------------  P R O C E S S  ---------------

Java Threads: ( => current thread )
  0x0000000022cf1800 JavaThread "HikariPool-1 connection adder" daemon [_thread_in_vm, id=18492, stack(0x0000000025f80000,0x0000000026080000)]
  0x0000000022cf1000 JavaThread "HikariPool-1 housekeeper" daemon [_thread_blocked, id=1132, stack(0x0000000025e80000,0x0000000025f80000)]
  0x0000000022cf6000 JavaThread "Abandoned connection cleanup thread" daemon [_thread_blocked, id=11824, stack(0x0000000025880000,0x0000000025980000)]
  0x0000000022cf2800 JavaThread "container-0" [_thread_blocked, id=1352, stack(0x0000000025780000,0x0000000025880000)]
  0x0000000022cf7000 JavaThread "ContainerBackgroundProcessor[StandardEngine[Tomcat]]" daemon [_thread_blocked, id=19112, stack(0x0000000023390000,0x0000000023490000)]
  0x0000000020339000 JavaThread "localhost-startStop-1" daemon [_thread_blocked, id=18360, stack(0x0000000022000000,0x0000000022100000)]
  0x0000000020549800 JavaThread "Tomcat-startStop-1" daemon [_thread_blocked, id=7916, stack(0x0000000021f00000,0x0000000022000000)]
  0x000000001cf9f000 JavaThread "Service Thread" daemon [_thread_blocked, id=6772, stack(0x000000001da90000,0x000000001db90000)]
  0x000000001cee5800 JavaThread "C1 CompilerThread3" daemon [_thread_blocked, id=11268, stack(0x000000001d990000,0x000000001da90000)]
=>0x000000001ced4800 JavaThread "C2 CompilerThread2" daemon [_thread_in_native, id=3264, stack(0x000000001d890000,0x000000001d990000)]
  0x000000001ced3000 JavaThread "C2 CompilerThread1" daemon [_thread_in_native, id=5436, stack(0x000000001d790000,0x000000001d890000)]
  0x000000001ced0000 JavaThread "C2 CompilerThread0" daemon [_thread_in_native, id=19364, stack(0x000000001d690000,0x000000001d790000)]
  0x000000001cec2800 JavaThread "Monitor Ctrl-Break" daemon [_thread_in_native, id=1248, stack(0x000000001d590000,0x000000001d690000)]
  0x000000001c5cf000 JavaThread "Attach Listener" daemon [_thread_blocked, id=16204, stack(0x000000001cc90000,0x000000001cd90000)]
  0x000000001c5ce000 JavaThread "Signal Dispatcher" daemon [_thread_blocked, id=2772, stack(0x000000001cb90000,0x000000001cc90000)]
  0x000000001c5c0800 JavaThread "Finalizer" daemon [_thread_blocked, id=16936, stack(0x000000001c9a0000,0x000000001caa0000)]
  0x000000001a6cd800 JavaThread "Reference Handler" daemon [_thread_blocked, id=16808, stack(0x000000001c4a0000,0x000000001c5a0000)]
  0x0000000002d2d800 JavaThread "main" [_thread_in_Java, id=10684, stack(0x0000000002d30000,0x0000000002e30000)]

Other Threads:
  0x000000001a6c9000 VMThread [stack: 0x000000001c3a0000,0x000000001c4a0000] [id=6256]
  0x000000001d04f800 WatcherThread [stack: 0x000000001db90000,0x000000001dc90000] [id=11164]

VM state:not at safepoint (normal execution)

VM Mutex/Monitor currently owned by a thread: None

Heap:
 PSYoungGen      total 174080K, used 164341K [0x0000000780100000, 0x000000078bc00000, 0x00000007c0000000)
  eden space 162304K, 94% used [0x0000000780100000,0x0000000789601b60,0x0000000789f80000)
  from space 11776K, 99% used [0x000000078ac00000,0x000000078b77baf0,0x000000078b780000)
  to   space 12800K, 0% used [0x0000000789f80000,0x0000000789f80000,0x000000078ac00000)
 ParOldGen       total 71168K, used 47674K [0x0000000700200000, 0x0000000704780000, 0x0000000780100000)
  object space 71168K, 66% used [0x0000000700200000,0x000000070308eaa8,0x0000000704780000)
 Metaspace       used 49917K, capacity 50452K, committed 50816K, reserved 1093632K
  class space    used 6322K, capacity 6448K, committed 6528K, reserved 1048576K

Card table byte_map: [0x00000000124f0000,0x0000000012af0000] byte_map_base: 0x000000000ecef000

Marking Bits: (ParMarkBitMap*) 0x000000006040a6c0
 Begin Bits: [0x00000000136f0000, 0x00000000166e8000)
 End Bits:   [0x00000000166e8000, 0x00000000196e0000)

Polling page: 0x0000000001280000

CodeCache: size=245760Kb used=17588Kb max_used=17595Kb free=228171Kb
 bounds [0x0000000003130000, 0x0000000004280000, 0x0000000012130000]
 total_blobs=4997 nmethods=4497 adapters=413
 compilation: enabled

Compilation events (10 events):
Event: 14.163 Thread 0x000000001cee5800 nmethod 5302 0x00000000032d0fd0 code [0x00000000032d1140, 0x00000000032d1368]
Event: 14.164 Thread 0x000000001cee5800 5303       3       java.util.RegularEnumSet::isEmpty (15 bytes)
Event: 14.164 Thread 0x000000001cee5800 nmethod 5303 0x000000000330ad90 code [0x000000000330aee0, 0x000000000330b090]
Event: 14.165 Thread 0x000000001cee5800 5304       3       sun.security.util.DisabledAlgorithmConstraints::permits (36 bytes)
Event: 14.166 Thread 0x000000001cee5800 nmethod 5304 0x0000000003686850 code [0x00000000036869e0, 0x0000000003686d88]
Event: 14.166 Thread 0x000000001cee5800 5305   !   3       sun.security.ssl.SSLAlgorithmDecomposer::decompose (56 bytes)
Event: 14.167 Thread 0x000000001cee5800 nmethod 5305 0x0000000003572e10 code [0x0000000003572fe0, 0x0000000003573648]
Event: 14.170 Thread 0x000000001cee5800 5306   !   3       java.security.cert.Certificate::hashCode (31 bytes)
Event: 14.171 Thread 0x000000001cee5800 nmethod 5306 0x0000000003476dd0 code [0x0000000003476fa0, 0x0000000003477628]
Event: 14.178 Thread 0x000000001cee5800 5307   !   3       org.aspectj.weaver.ReferenceType::setDelegate (203 bytes)

GC Heap History (10 events):
Event: 8.722 GC heap before
{Heap before GC invocations=10 (full 1):
 PSYoungGen      total 174080K, used 173216K [0x0000000780100000, 0x000000078bc00000, 0x00000007c0000000)
  eden space 162304K, 100% used [0x0000000780100000,0x0000000789f80000,0x0000000789f80000)
  from space 11776K, 92% used [0x000000078ac00000,0x000000078b6a83f8,0x000000078b780000)
  to   space 12800K, 0% used [0x0000000789f80000,0x0000000789f80000,0x000000078ac00000)
 ParOldGen       total 71168K, used 13223K [0x0000000700200000, 0x0000000704780000, 0x0000000780100000)
  object space 71168K, 18% used [0x0000000700200000,0x0000000700ee9cb0,0x0000000704780000)
 Metaspace       used 33360K, capacity 33808K, committed 34048K, reserved 1079296K
  class space    used 4136K, capacity 4251K, committed 4352K, reserved 1048576K
Event: 8.766 GC heap after
Heap after GC invocations=10 (full 1):
 PSYoungGen      total 175104K, used 12797K [0x0000000780100000, 0x000000078bc00000, 0x00000007c0000000)
  eden space 162304K, 0% used [0x0000000780100000,0x0000000780100000,0x0000000789f80000)
  from space 12800K, 99% used [0x0000000789f80000,0x000000078abff640,0x000000078ac00000)
  to   space 11776K, 0% used [0x000000078ac00000,0x000000078ac00000,0x000000078b780000)
 ParOldGen       total 71168K, used 20937K [0x0000000700200000, 0x0000000704780000, 0x0000000780100000)
  object space 71168K, 29% used [0x0000000700200000,0x0000000701672710,0x0000000704780000)
 Metaspace       used 33360K, capacity 33808K, committed 34048K, reserved 1079296K
  class space    used 4136K, capacity 4251K, committed 4352K, reserved 1048576K
}
Event: 9.697 GC heap before
{Heap before GC invocations=11 (full 1):
 PSYoungGen      total 175104K, used 175101K [0x0000000780100000, 0x000000078bc00000, 0x00000007c0000000)
  eden space 162304K, 100% used [0x0000000780100000,0x0000000789f80000,0x0000000789f80000)
  from space 12800K, 99% used [0x0000000789f80000,0x000000078abff640,0x000000078ac00000)
  to   space 11776K, 0% used [0x000000078ac00000,0x000000078ac00000,0x000000078b780000)
 ParOldGen       total 71168K, used 20937K [0x0000000700200000, 0x0000000704780000, 0x0000000780100000)
  object space 71168K, 29% used [0x0000000700200000,0x0000000701672710,0x0000000704780000)
 Metaspace       used 34743K, capacity 35144K, committed 35456K, reserved 1081344K
  class space    used 4310K, capacity 4415K, committed 4480K, reserved 1048576K
Event: 9.727 GC heap after
Heap after GC invocations=11 (full 1):
 PSYoungGen      total 174080K, used 11753K [0x0000000780100000, 0x000000078bc00000, 0x00000007c0000000)
  eden space 162304K, 0% used [0x0000000780100000,0x0000000780100000,0x0000000789f80000)
  from space 11776K, 99% used [0x000000078ac00000,0x000000078b77a408,0x000000078b780000)
  to   space 12800K, 0% used [0x0000000789f80000,0x0000000789f80000,0x000000078ac00000)
 ParOldGen       total 71168K, used 34421K [0x0000000700200000, 0x0000000704780000, 0x0000000780100000)
  object space 71168K, 48% used [0x0000000700200000,0x000000070239d768,0x0000000704780000)
 Metaspace       used 34743K, capacity 35144K, committed 35456K, reserved 1081344K
  class space    used 4310K, capacity 4415K, committed 4480K, reserved 1048576K
}
Event: 10.310 GC heap before
{Heap before GC invocations=12 (full 1):
 PSYoungGen      total 174080K, used 125335K [0x0000000780100000, 0x000000078bc00000, 0x00000007c0000000)
  eden space 162304K, 69% used [0x0000000780100000,0x0000000786feb830,0x0000000789f80000)
  from space 11776K, 99% used [0x000000078ac00000,0x000000078b77a408,0x000000078b780000)
  to   space 12800K, 0% used [0x0000000789f80000,0x0000000789f80000,0x000000078ac00000)
 ParOldGen       total 71168K, used 34421K [0x0000000700200000, 0x0000000704780000, 0x0000000780100000)
  object space 71168K, 48% used [0x0000000700200000,0x000000070239d768,0x0000000704780000)
 Metaspace       used 34921K, capacity 35304K, committed 35456K, reserved 1081344K
  class space    used 4328K, capacity 4447K, committed 4480K, reserved 1048576K
Event: 10.347 GC heap after
Heap after GC invocations=12 (full 1):
 PSYoungGen      total 175104K, used 12787K [0x0000000780100000, 0x000000078bc00000, 0x00000007c0000000)
  eden space 162304K, 0% used [0x0000000780100000,0x0000000780100000,0x0000000789f80000)
  from space 12800K, 99% used [0x0000000789f80000,0x000000078abfcc88,0x000000078ac00000)
  to   space 11776K, 0% used [0x000000078ac00000,0x000000078ac00000,0x000000078b780000)
 ParOldGen       total 71168K, used 48473K [0x0000000700200000, 0x0000000704780000, 0x0000000780100000)
  object space 71168K, 68% used [0x0000000700200000,0x00000007031565c8,0x0000000704780000)
 Metaspace       used 34921K, capacity 35304K, committed 35456K, reserved 1081344K
  class space    used 4328K, capacity 4447K, committed 4480K, reserved 1048576K
}
Event: 10.347 GC heap before
{Heap before GC invocations=13 (full 2):
 PSYoungGen      total 175104K, used 12787K [0x0000000780100000, 0x000000078bc00000, 0x00000007c0000000)
  eden space 162304K, 0% used [0x0000000780100000,0x0000000780100000,0x0000000789f80000)
  from space 12800K, 99% used [0x0000000789f80000,0x000000078abfcc88,0x000000078ac00000)
  to   space 11776K, 0% used [0x000000078ac00000,0x000000078ac00000,0x000000078b780000)
 ParOldGen       total 71168K, used 48473K [0x0000000700200000, 0x0000000704780000, 0x0000000780100000)
  object space 71168K, 68% used [0x0000000700200000,0x00000007031565c8,0x0000000704780000)
 Metaspace       used 34921K, capacity 35304K, committed 35456K, reserved 1081344K
  class space    used 4328K, capacity 4447K, committed 4480K, reserved 1048576K
Event: 10.460 GC heap after
Heap after GC invocations=13 (full 2):
 PSYoungGen      total 175104K, used 0K [0x0000000780100000, 0x000000078bc00000, 0x00000007c0000000)
  eden space 162304K, 0% used [0x0000000780100000,0x0000000780100000,0x0000000789f80000)
  from space 12800K, 0% used [0x0000000789f80000,0x0000000789f80000,0x000000078ac00000)
  to   space 11776K, 0% used [0x000000078ac00000,0x000000078ac00000,0x000000078b780000)
 ParOldGen       total 71168K, used 41253K [0x0000000700200000, 0x0000000704780000, 0x0000000780100000)
  object space 71168K, 57% used [0x0000000700200000,0x0000000702a496a8,0x0000000704780000)
 Metaspace       used 34921K, capacity 35304K, committed 35456K, reserved 1081344K
  class space    used 4328K, capacity 4447K, committed 4480K, reserved 1048576K
}
Event: 12.366 GC heap before
{Heap before GC invocations=14 (full 2):
 PSYoungGen      total 175104K, used 162304K [0x0000000780100000, 0x000000078bc00000, 0x00000007c0000000)
  eden space 162304K, 100% used [0x0000000780100000,0x0000000789f80000,0x0000000789f80000)
  from space 12800K, 0% used [0x0000000789f80000,0x0000000789f80000,0x000000078ac00000)
  to   space 11776K, 0% used [0x000000078ac00000,0x000000078ac00000,0x000000078b780000)
 ParOldGen       total 71168K, used 41253K [0x0000000700200000, 0x0000000704780000, 0x0000000780100000)
  object space 71168K, 57% used [0x0000000700200000,0x0000000702a496a8,0x0000000704780000)
 Metaspace       used 43211K, capacity 43610K, committed 43904K, reserved 1087488K
  class space    used 5571K, capacity 5698K, committed 5760K, reserved 1048576K
Event: 12.383 GC heap after
Heap after GC invocations=14 (full 2):
 PSYoungGen      total 174080K, used 11758K [0x0000000780100000, 0x000000078bc00000, 0x00000007c0000000)
  eden space 162304K, 0% used [0x0000000780100000,0x0000000780100000,0x0000000789f80000)
  from space 11776K, 99% used [0x000000078ac00000,0x000000078b77baf0,0x000000078b780000)
  to   space 12800K, 0% used [0x0000000789f80000,0x0000000789f80000,0x000000078ac00000)
 ParOldGen       total 71168K, used 47674K [0x0000000700200000, 0x0000000704780000, 0x0000000780100000)
  object space 71168K, 66% used [0x0000000700200000,0x000000070308eaa8,0x0000000704780000)
 Metaspace       used 43211K, capacity 43610K, committed 43904K, reserved 1087488K
  class space    used 5571K, capacity 5698K, committed 5760K, reserved 1048576K
}

Deoptimization events (10 events):
Event: 13.898 Thread 0x0000000002d2d800 Uncommon trap: reason=unstable_if action=reinterpret pc=0x0000000003f2b044 method=java.util.Properties.load0(Ljava/util/Properties$LineReader;)V @ 33
Event: 13.898 Thread 0x0000000002d2d800 Uncommon trap: reason=unstable_if action=reinterpret pc=0x0000000003ff2c5c method=java.util.Properties.load0(Ljava/util/Properties$LineReader;)V @ 33
Event: 13.898 Thread 0x0000000002d2d800 Uncommon trap: reason=bimorphic action=maybe_recompile pc=0x00000000034df1a8 method=java.util.Properties$LineReader.readLine()I @ 410
Event: 13.898 Thread 0x0000000002d2d800 Uncommon trap: reason=bimorphic action=maybe_recompile pc=0x00000000034df180 method=java.util.Properties$LineReader.readLine()I @ 62
Event: 13.907 Thread 0x0000000002d2d800 Uncommon trap: reason=class_check action=maybe_recompile pc=0x0000000003254494 method=java.util.jar.JarFile.getJarEntry(Ljava/lang/String;)Ljava/util/jar/JarEntry; @ 2
Event: 13.972 Thread 0x0000000002d2d800 Uncommon trap: reason=unstable_if action=reinterpret pc=0x000000000420ed4c method=java.util.Arrays.equals([B[B)Z @ 12
Event: 13.985 Thread 0x0000000002d2d800 Uncommon trap: reason=class_check action=maybe_recompile pc=0x0000000003bcb2c8 method=java.util.TreeMap.getEntry(Ljava/lang/Object;)Ljava/util/TreeMap$Entry; @ 26
Event: 13.985 Thread 0x0000000002d2d800 Uncommon trap: reason=class_check action=maybe_recompile pc=0x0000000003bcb2c8 method=java.util.TreeMap.getEntry(Ljava/lang/Object;)Ljava/util/TreeMap$Entry; @ 26
Event: 13.986 Thread 0x0000000002d2d800 Uncommon trap: reason=class_check action=maybe_recompile pc=0x0000000003bcb2c8 method=java.util.TreeMap.getEntry(Ljava/lang/Object;)Ljava/util/TreeMap$Entry; @ 26
Event: 13.986 Thread 0x0000000002d2d800 Uncommon trap: reason=class_check action=maybe_recompile pc=0x0000000003bcb2c8 method=java.util.TreeMap.getEntry(Ljava/lang/Object;)Ljava/util/TreeMap$Entry; @ 26

Internal exceptions (10 events):
Event: 14.124 Thread 0x0000000002d2d800 Exception <a 'java/lang/ClassNotFoundException': org/springframework/context/annotation/ConfigurationClassEnhancer$EnhancedConfigurationCustomizer> (0x0000000788c3d6b0) thrown at [C:\re\workspace\8-2-build-windows-amd64-cygwin\jdk8u111\7883\hotspot\src\sh
Event: 14.140 Thread 0x0000000002d2d800 Exception <a 'java/lang/ClassNotFoundException': org/springframework/boot/autoconfigure/jdbc/DataSourcePropertiesBeanInfo> (0x0000000788dc1898) thrown at [C:\re\workspace\8-2-build-windows-amd64-cygwin\jdk8u111\7883\hotspot\src\share\vm\classfile\systemDi
Event: 14.140 Thread 0x0000000002d2d800 Exception <a 'java/lang/ClassNotFoundException': org/springframework/boot/autoconfigure/jdbc/DataSourcePropertiesCustomizer> (0x0000000788de1628) thrown at [C:\re\workspace\8-2-build-windows-amd64-cygwin\jdk8u111\7883\hotspot\src\share\vm\classfile\system
Event: 14.143 Thread 0x0000000002d2d800 Exception <a 'java/lang/ClassNotFoundException': org/springframework/beans/factory/BeanClassLoaderAwareCustomizer> (0x0000000788e4ae58) thrown at [C:\re\workspace\8-2-build-windows-amd64-cygwin\jdk8u111\7883\hotspot\src\share\vm\classfile\systemDictionary
Event: 14.143 Thread 0x0000000002d2d800 Exception <a 'java/lang/ClassNotFoundException': org/springframework/context/EnvironmentAwareCustomizer> (0x0000000788e66070) thrown at [C:\re\workspace\8-2-build-windows-amd64-cygwin\jdk8u111\7883\hotspot\src\share\vm\classfile\systemDictionary.cpp, line
Event: 14.144 Thread 0x0000000002d2d800 Exception <a 'java/lang/ClassNotFoundException': org/springframework/beans/factory/InitializingBeanCustomizer> (0x0000000788e83400) thrown at [C:\re\workspace\8-2-build-windows-amd64-cygwin\jdk8u111\7883\hotspot\src\share\vm\classfile\systemDictionary.cpp
Event: 14.175 Thread 0x0000000002d2d800 Exception <a 'java/security/PrivilegedActionException'> (0x0000000788f99a78) thrown at [C:\re\workspace\8-2-build-windows-amd64-cygwin\jdk8u111\7883\hotspot\src\share\vm\prims\jvm.cpp, line 1386]
Event: 14.175 Thread 0x0000000002d2d800 Exception <a 'java/security/PrivilegedActionException'> (0x0000000788f9a240) thrown at [C:\re\workspace\8-2-build-windows-amd64-cygwin\jdk8u111\7883\hotspot\src\share\vm\prims\jvm.cpp, line 1386]
Event: 14.176 Thread 0x0000000002d2d800 Exception <a 'java/security/PrivilegedActionException'> (0x0000000788fbf9e0) thrown at [C:\re\workspace\8-2-build-windows-amd64-cygwin\jdk8u111\7883\hotspot\src\share\vm\prims\jvm.cpp, line 1386]
Event: 14.176 Thread 0x0000000002d2d800 Exception <a 'java/security/PrivilegedActionException'> (0x0000000788fc01a8) thrown at [C:\re\workspace\8-2-build-windows-amd64-cygwin\jdk8u111\7883\hotspot\src\share\vm\prims\jvm.cpp, line 1386]

Events (10 events):
Event: 14.175 loading class org/apache/derby/jdbc/EmbeddedDriver
Event: 14.175 loading class org/apache/derby/jdbc/EmbeddedDriver done
Event: 14.176 loading class org/apache/derby/jdbc$EmbeddedDriver
Event: 14.176 loading class org/apache/derby/jdbc$EmbeddedDriver done
Event: 14.176 loading class org/hsqldb/jdbcDriver
Event: 14.176 loading class org/hsqldb/jdbcDriver done
Event: 14.176 loading class org/hsqldb$jdbcDriver
Event: 14.176 loading class org/hsqldb$jdbcDriver done
Event: 14.177 Executing VM operation: RevokeBias
Event: 14.177 Executing VM operation: RevokeBias done


Dynamic libraries:
0x00007ff6fd9f0000 - 0x00007ff6fda27000 	C:\Program Files\Java\jdk1.8.0_111\bin\java.exe
0x00007ff9bb0e0000 - 0x00007ff9bb2c1000 	C:\WINDOWS\SYSTEM32\ntdll.dll
0x00007ff9ba8a0000 - 0x00007ff9ba952000 	C:\WINDOWS\System32\KERNEL32.DLL
0x00007ff9b7730000 - 0x00007ff9b79a3000 	C:\WINDOWS\System32\KERNELBASE.dll
0x00007ff9b8960000 - 0x00007ff9b8a01000 	C:\WINDOWS\System32\ADVAPI32.dll
0x00007ff9bae90000 - 0x00007ff9baf2e000 	C:\WINDOWS\System32\msvcrt.dll
0x00007ff9ba320000 - 0x00007ff9ba37b000 	C:\WINDOWS\System32\sechost.dll
0x00007ff9bad60000 - 0x00007ff9bae84000 	C:\WINDOWS\System32\RPCRT4.dll
0x00007ff9b86c0000 - 0x00007ff9b8850000 	C:\WINDOWS\System32\USER32.dll
0x00007ff9b7d40000 - 0x00007ff9b7d60000 	C:\WINDOWS\System32\win32u.dll
0x00007ff9b8a10000 - 0x00007ff9b8a38000 	C:\WINDOWS\System32\GDI32.dll
0x00007ff9b74b0000 - 0x00007ff9b7642000 	C:\WINDOWS\System32\gdi32full.dll
0x00007ff9b7ab0000 - 0x00007ff9b7b4f000 	C:\WINDOWS\System32\msvcp_win.dll
0x00007ff9b79b0000 - 0x00007ff9b7aaa000 	C:\WINDOWS\System32\ucrtbase.dll
0x00007ff9ab6b0000 - 0x00007ff9ab919000 	C:\WINDOWS\WinSxS\amd64_microsoft.windows.common-controls_6595b64144ccf1df_6.0.17134.590_none_fb3d9bff3069e088\COMCTL32.dll
0x00007ff9baa30000 - 0x00007ff9bad52000 	C:\WINDOWS\System32\combase.dll
0x00007ff9b7650000 - 0x00007ff9b76ca000 	C:\WINDOWS\System32\bcryptPrimitives.dll
0x00007ff9b8850000 - 0x00007ff9b887d000 	C:\WINDOWS\System32\IMM32.DLL
0x0000000060490000 - 0x0000000060562000 	C:\Program Files\Java\jdk1.8.0_111\jre\bin\msvcr100.dll
0x000000005fbf0000 - 0x000000006048a000 	C:\Program Files\Java\jdk1.8.0_111\jre\bin\server\jvm.dll
0x00007ff9b8a40000 - 0x00007ff9b8a48000 	C:\WINDOWS\System32\PSAPI.DLL
0x00007ff9a6b50000 - 0x00007ff9a6b59000 	C:\WINDOWS\SYSTEM32\WSOCK32.dll
0x00007ff9b2b80000 - 0x00007ff9b2b8a000 	C:\WINDOWS\SYSTEM32\VERSION.dll
0x00007ff9b4290000 - 0x00007ff9b42b3000 	C:\WINDOWS\SYSTEM32\WINMM.dll
0x00007ff9ba9c0000 - 0x00007ff9baa2c000 	C:\WINDOWS\System32\WS2_32.dll
0x00007ff9b4260000 - 0x00007ff9b428a000 	C:\WINDOWS\SYSTEM32\winmmbase.dll
0x00007ff9b8520000 - 0x00007ff9b8569000 	C:\WINDOWS\System32\cfgmgr32.dll
0x0000000061040000 - 0x000000006104f000 	C:\Program Files\Java\jdk1.8.0_111\jre\bin\verify.dll
0x000000005fbc0000 - 0x000000005fbe9000 	C:\Program Files\Java\jdk1.8.0_111\jre\bin\java.dll
0x000000005fb00000 - 0x000000005fb23000 	C:\Program Files\Java\jdk1.8.0_111\jre\bin\instrument.dll
0x000000005fba0000 - 0x000000005fbb6000 	C:\Program Files\Java\jdk1.8.0_111\jre\bin\zip.dll
0x00007ff9b8bb0000 - 0x00007ff9b9ff0000 	C:\WINDOWS\System32\SHELL32.dll
0x00007ff9b8570000 - 0x00007ff9b8619000 	C:\WINDOWS\System32\shcore.dll
0x00007ff9b7d60000 - 0x00007ff9b846d000 	C:\WINDOWS\System32\windows.storage.dll
0x00007ff9b8880000 - 0x00007ff9b88d1000 	C:\WINDOWS\System32\shlwapi.dll
0x00007ff9b7470000 - 0x00007ff9b7481000 	C:\WINDOWS\System32\kernel.appcore.dll
0x00007ff9b7440000 - 0x00007ff9b745f000 	C:\WINDOWS\System32\profapi.dll
0x00007ff9b73f0000 - 0x00007ff9b743c000 	C:\WINDOWS\System32\powrprof.dll
0x00007ff9b7460000 - 0x00007ff9b746a000 	C:\WINDOWS\System32\FLTLIB.DLL
0x00007ff9ad9c0000 - 0x00007ff9ad9da000 	D:\IntelliJ IDEA Community D\bin\breakgen64.dll
0x000000005fb80000 - 0x000000005fb9a000 	C:\Program Files\Java\jdk1.8.0_111\jre\bin\net.dll
0x00007ff9b6c70000 - 0x00007ff9b6cd6000 	C:\WINDOWS\system32\mswsock.dll
0x000000005faf0000 - 0x000000005fafd000 	C:\Program Files\Java\jdk1.8.0_111\jre\bin\management.dll
0x00007ff998d40000 - 0x00007ff998d56000 	C:\WINDOWS\system32\napinsp.dll
0x00007ff998d20000 - 0x00007ff998d3a000 	C:\WINDOWS\system32\pnrpnsp.dll
0x00007ff9b40c0000 - 0x00007ff9b40d9000 	C:\WINDOWS\system32\NLAapi.dll
0x00007ff9b69d0000 - 0x00007ff9b6a8e000 	C:\WINDOWS\SYSTEM32\DNSAPI.dll
0x00007ff9ba060000 - 0x00007ff9ba068000 	C:\WINDOWS\System32\NSI.dll
0x00007ff9b6990000 - 0x00007ff9b69c8000 	C:\WINDOWS\SYSTEM32\IPHLPAPI.DLL
0x00007ff998d10000 - 0x00007ff998d1e000 	C:\WINDOWS\System32\winrnr.dll
0x00007ff9b0b40000 - 0x00007ff9b0b4a000 	C:\Windows\System32\rasadhlp.dll
0x00007ff9b1f90000 - 0x00007ff9b2002000 	C:\WINDOWS\System32\fwpuclnt.dll
0x00007ff9b6f50000 - 0x00007ff9b6f75000 	C:\WINDOWS\SYSTEM32\bcrypt.dll
0x000000005fb60000 - 0x000000005fb71000 	C:\Program Files\Java\jdk1.8.0_111\jre\bin\nio.dll
0x00007ff9b6e20000 - 0x00007ff9b6e37000 	C:\WINDOWS\SYSTEM32\CRYPTSP.dll
0x00007ff9b67f0000 - 0x00007ff9b6823000 	C:\WINDOWS\system32\rsaenh.dll
0x00007ff9b72f0000 - 0x00007ff9b7318000 	C:\WINDOWS\SYSTEM32\USERENV.dll
0x00007ff9b6e40000 - 0x00007ff9b6e4b000 	C:\WINDOWS\SYSTEM32\CRYPTBASE.dll
0x00007ff9b24f0000 - 0x00007ff9b2506000 	C:\WINDOWS\SYSTEM32\dhcpcsvc6.DLL
0x00007ff9b24c0000 - 0x00007ff9b24da000 	C:\WINDOWS\SYSTEM32\dhcpcsvc.DLL
0x0000000061660000 - 0x0000000061684000 	C:\Program Files\Java\jdk1.8.0_111\jre\bin\sunec.dll
0x0000000061650000 - 0x000000006165b000 	C:\Program Files\Java\jdk1.8.0_111\jre\bin\sunmscapi.dll
0x00007ff9b7b50000 - 0x00007ff9b7d32000 	C:\WINDOWS\System32\CRYPT32.dll
0x00007ff9b7490000 - 0x00007ff9b74a2000 	C:\WINDOWS\System32\MSASN1.dll

VM Arguments:
jvm_args: -javaagent:D:\IntelliJ IDEA Community D\lib\idea_rt.jar=57115:D:\IntelliJ IDEA Community D\bin -Dfile.encoding=UTF-8 
java_command: com.progressoft.warehouse.WarehouseApplication
java_class_path (initial): C:\Program Files\Java\jdk1.8.0_111\jre\lib\charsets.jar;C:\Program Files\Java\jdk1.8.0_111\jre\lib\deploy.jar;C:\Program Files\Java\jdk1.8.0_111\jre\lib\ext\access-bridge-64.jar;C:\Program Files\Java\jdk1.8.0_111\jre\lib\ext\cldrdata.jar;C:\Program Files\Java\jdk1.8.0_111\jre\lib\ext\dnsns.jar;C:\Program Files\Java\jdk1.8.0_111\jre\lib\ext\jaccess.jar;C:\Program Files\Java\jdk1.8.0_111\jre\lib\ext\jfxrt.jar;C:\Program Files\Java\jdk1.8.0_111\jre\lib\ext\localedata.jar;C:\Program Files\Java\jdk1.8.0_111\jre\lib\ext\nashorn.jar;C:\Program Files\Java\jdk1.8.0_111\jre\lib\ext\sunec.jar;C:\Program Files\Java\jdk1.8.0_111\jre\lib\ext\sunjce_provider.jar;C:\Program Files\Java\jdk1.8.0_111\jre\lib\ext\sunmscapi.jar;C:\Program Files\Java\jdk1.8.0_111\jre\lib\ext\sunpkcs11.jar;C:\Program Files\Java\jdk1.8.0_111\jre\lib\ext\zipfs.jar;C:\Program Files\Java\jdk1.8.0_111\jre\lib\javaws.jar;C:\Program Files\Java\jdk1.8.0_111\jre\lib\jce.jar;C:\Program Files\Java\jdk1.8.0_111\jre\lib\jfr.jar;C:\Program Files\Java\jdk1.8.0_111\jre\lib\jfxswt.jar;C:\Program Files\Java\jdk1.8.0_111\jre\lib\jsse.jar;C:\Program Files\Java\jdk1.8.0_111\jre\lib\management-agent.jar;C:\Program Files\Java\jdk1.8.0_111\jre\lib\plugin.jar;C:\Program Files\Java\jdk1.8.0_111\jre\lib\resources.jar;C:\Program Files\Java\jdk1.8.0_111\jre\lib\rt.jar;D:\warehouse-processor\target\classes;C:\Users\EYAD\.m2\repository\com\opencsv\opencsv\4.0\opencsv-4.0.jar;C:\Users\EYAD\.m2\repository\org\apache\commons\commons-lang3\3.6\commons-lang3-3.6.jar;C:\Users\EYAD\.m2\repository\org\apache\commons\commons-text\1.1\commons-text-1.1.jar;C:\Users\EYAD\.m2\repository\commons-beanutils\commons-beanutils\1.9.3\commons-beanutils-1.9.3.jar;C:\Users\EYAD\.m2\repository\commons-collections\commons-collections\3.2.2\commons-collections-3.2.2.jar;C:\Users\EYAD\.m2\repository\com\zaxxer\HikariCP\3.2.0\HikariCP-3.2.0.jar;C:\Users\EYAD\.m2\repository\org\slf4j\slf4j-api\1.7.25\slf4j-api-1.7.25.jar;C:\Users\EYAD
Launcher Type: SUN_STANDARD

Environment Variables:
JAVA_HOME=C:\Program Files\Java\jdk1.8.0_111
PATH=C:\ProgramData\Oracle\Java\javapath;C:\WINDOWS\system32;C:\WINDOWS;C:\WINDOWS\System32\Wbem;C:\WINDOWS\System32\WindowsPowerShell\v1.0\;C:\Program Files\IDM Computer Solutions\UltraEdit;C:\Program Files\IDM Computer Solutions\UltraCompare;C:\Program Files (x86)\CrSSL\bin;C:\Program Files\Git\cmd;C:\Program Files\OpenVPN\bin;C:\Program Files (x86)\QuickTime\QTSystem\;D:\IntelliJ IDEA Community D\plugins\maven\lib\maven3\bin;C:\Program Files\Java\jdk1.8.0_111\bin;C:\Program Files (x86)\NVIDIA Corporation\PhysX\Common;C:\WINDOWS\system32;C:\WINDOWS;C:\WINDOWS\System32\Wbem;C:\WINDOWS\System32\WindowsPowerShell\v1.0\;C:\Program Files\PuTTY\;C:\WINDOWS\System32\OpenSSH\;C:\Program Files\NVIDIA Corporation\NVIDIA NvDLISR;C:\Users\EYAD\AppData\Local\Microsoft\WindowsApps;
USERNAME=EYAD
OS=Windows_NT
PROCESSOR_IDENTIFIER=Intel64 Family 6 Model 26 Stepping 5, GenuineIntel



---------------  S Y S T E M  ---------------

OS: Windows 10.0 , 64 bit Build 17134 (10.0.17134.556)

CPU:total 8 (4 cores per cpu, 2 threads per core) family 6 model 26 stepping 5, cmov, cx8, fxsr, mmx, sse, sse2, sse3, ssse3, sse4.1, sse4.2, popcnt, ht, tsc, tscinvbit, tscinv

Memory: 4k page, physical 12573808k(2900492k free), swap 17693808k(2996k free)

vm_info: Java HotSpot(TM) 64-Bit Server VM (25.111-b14) for windows-amd64 JRE (1.8.0_111-b14), built on Sep 22 2016 19:24:05 by "java_re" with MS VC++ 10.0 (VS2010)

time: Sun Mar 10 11:33:20 2019
elapsed time: 14 seconds (0d 0h 0m 14s)

